app/build/intermediates/manifest_merge_blame_file/debug/manifest-merger-blame-debug-report.txt
1<?xml version="1.0" encoding="utf-8"?>
2<manifest xmlns:android="http://schemas.android.com/apk/res/android"
3    package="android.wmdc.com.mobilecsa"
4    android:versionCode="1"
5    android:versionName="1.0" >
6
7    <uses-sdk
8        android:minSdkVersion="19"
8-->src\main\AndroidManifest.xml
9        android:targetSdkVersion="26" />
9-->src\main\AndroidManifest.xml
10
11    <uses-permission android:name="android.permission.ACCESS_COARSE_LOCATION" />
11-->src\main\AndroidManifest.xml:5:5-81
11-->src\main\AndroidManifest.xml:5:22-78
12    <uses-permission android:name="android.permission.ACCESS_FINE_LOCATION" />
12-->src\main\AndroidManifest.xml:6:5-79
12-->src\main\AndroidManifest.xml:6:22-76
13    <uses-permission android:name="android.permission.INTERNET" />
13-->src\main\AndroidManifest.xml:7:5-67
13-->src\main\AndroidManifest.xml:7:22-64
14    <uses-permission android:name="android.permission.READ_EXTERNAL_STORAGE" />
14-->src\main\AndroidManifest.xml:8:5-80
14-->src\main\AndroidManifest.xml:8:22-77
15    <uses-permission android:name="android.permission.WRITE_EXTERNAL_STORAGE" />
15-->src\main\AndroidManifest.xml:9:5-81
15-->src\main\AndroidManifest.xml:9:22-78
16    <uses-permission android:name="android.permission.CAMERA" />
16-->src\main\AndroidManifest.xml:10:5-65
16-->src\main\AndroidManifest.xml:10:22-62
17    <uses-permission android:name="android.permission.ACCESS_WIFI_STATE" />
17-->src\main\AndroidManifest.xml:11:5-76
17-->src\main\AndroidManifest.xml:11:22-73
18    <uses-permission android:name="android.permission.CHANGE_WIFI_STATE" />
18-->src\main\AndroidManifest.xml:12:5-76
18-->src\main\AndroidManifest.xml:12:22-73
19    <uses-permission android:name="android.permission.ACCESS_NETWORK_STATE" />
19-->src\main\AndroidManifest.xml:13:5-79
19-->src\main\AndroidManifest.xml:13:22-76
20    <uses-permission android:name="android.permission.SYSTEM_ALERT_WINDOW" />
20-->src\main\AndroidManifest.xml:14:5-78
20-->src\main\AndroidManifest.xml:14:22-75
21
22    <uses-feature android:name="android.hardware.camera" />
22-->src\main\AndroidManifest.xml:16:5-60
22-->src\main\AndroidManifest.xml:16:19-57
23    <uses-feature android:name="android.hardware.camera.autofocus" />
23-->src\main\AndroidManifest.xml:17:5-70
23-->src\main\AndroidManifest.xml:17:19-67
24    <uses-feature
24-->[com.google.android.gms:play-services-maps:11.8.0] AndroidManifest.xml:26:5-28:35
25        android:glEsVersion="0x00020000"
25-->[com.google.android.gms:play-services-maps:11.8.0] AndroidManifest.xml:27:9-41
26        android:required="true" />
26-->[com.google.android.gms:play-services-maps:11.8.0] AndroidManifest.xml:28:9-32
27
28    <application
28-->src\main\AndroidManifest.xml:19:5-58:19
29        android:allowBackup="true"
29-->src\main\AndroidManifest.xml:20:9-35
30        android:appComponentFactory="androidx.core.app.CoreComponentFactory"
30-->[androidx.core:core:1.0.0] AndroidManifest.xml:22:18-86
31        android:debuggable="true"
32        android:icon="@mipmap/ic_launcher_app_icon"
32-->src\main\AndroidManifest.xml:21:9-52
33        android:label="@string/app_name"
33-->src\main\AndroidManifest.xml:22:9-41
34        android:roundIcon="@mipmap/ic_launcher_round"
34-->src\main\AndroidManifest.xml:23:9-54
35        android:supportsRtl="true"
35-->src\main\AndroidManifest.xml:24:9-35
36        android:theme="@style/AppTheme" >
36-->src\main\AndroidManifest.xml:25:9-40
37        <meta-data
37-->src\main\AndroidManifest.xml:27:9-29:55
38            android:name="com.google.android.geo.API_KEY"
38-->src\main\AndroidManifest.xml:28:13-58
39            android:value="@string/google_maps_key" />
39-->src\main\AndroidManifest.xml:29:13-52
40
41        <!-- android:configChanges="orientation|screenSize" prevents fragment reload on orientation change -->
42        <activity
42-->src\main\AndroidManifest.xml:32:9-37:59
43            android:name="android.wmdc.com.mobilecsa.MainActivity"
43-->src\main\AndroidManifest.xml:33:13-41
44            android:configChanges="orientation|screenSize"
44-->src\main\AndroidManifest.xml:35:13-59
45            android:label="@string/app_name"
45-->src\main\AndroidManifest.xml:34:13-45
46            android:screenOrientation="portrait"
46-->src\main\AndroidManifest.xml:36:13-49
47            android:theme="@style/AppTheme.NoActionBar" />
47-->src\main\AndroidManifest.xml:37:13-56
48        <activity android:name="android.wmdc.com.mobilecsa.LoginActivity" >
48-->src\main\AndroidManifest.xml:39:9-45:20
48-->src\main\AndroidManifest.xml:39:19-48
49            <intent-filter>
49-->src\main\AndroidManifest.xml:40:13-44:29
50                <action android:name="android.intent.action.MAIN" />
50-->src\main\AndroidManifest.xml:41:17-69
50-->src\main\AndroidManifest.xml:41:25-66
51
52                <category android:name="android.intent.category.LAUNCHER" />
52-->src\main\AndroidManifest.xml:43:17-77
52-->src\main\AndroidManifest.xml:43:27-74
53            </intent-filter>
54        </activity>
55        <activity android:name="android.wmdc.com.mobilecsa.SettingsActivity" />
55-->src\main\AndroidManifest.xml:46:9-54
55-->src\main\AndroidManifest.xml:46:19-51
56        <activity android:name="android.wmdc.com.mobilecsa.MapsActivity" />
56-->src\main\AndroidManifest.xml:47:9-49
56-->src\main\AndroidManifest.xml:47:19-47
57        <activity android:name="android.wmdc.com.mobilecsa.SecurityKeyActivity" />
57-->src\main\AndroidManifest.xml:48:9-57
57-->src\main\AndroidManifest.xml:48:19-54
58
59        <provider
60            android:name="androidx.core.content.FileProvider"
60-->src\main\AndroidManifest.xml:50:13-62
61            android:authorities="android.wmdc.com.mobilecsa.provider"
61-->src\main\AndroidManifest.xml:51:13-60
62            android:exported="false"
62-->src\main\AndroidManifest.xml:52:13-37
63            android:grantUriPermissions="true" >
63-->src\main\AndroidManifest.xml:53:13-47
64            <meta-data
64-->src\main\AndroidManifest.xml:54:13-56:58
65                android:name="android.support.FILE_PROVIDER_PATHS"
65-->src\main\AndroidManifest.xml:55:17-67
66                android:resource="@xml/provider_paths" />
66-->src\main\AndroidManifest.xml:56:17-55
67        </provider>
68
69        <activity
69-->[com.google.android.gms:play-services-base:11.8.0] AndroidManifest.xml:23:9-26:75
70            android:name="com.google.android.gms.common.api.GoogleApiActivity"
70-->[com.google.android.gms:play-services-base:11.8.0] AndroidManifest.xml:24:13-79
71            android:exported="false"
71-->[com.google.android.gms:play-services-base:11.8.0] AndroidManifest.xml:25:13-37
72            android:theme="@android:style/Theme.Translucent.NoTitleBar" />
72-->[com.google.android.gms:play-services-base:11.8.0] AndroidManifest.xml:26:13-72
73
74        <meta-data
74-->[com.google.android.gms:play-services-basement:11.8.0] AndroidManifest.xml:23:9-25:69
75            android:name="com.google.android.gms.version"
75-->[com.google.android.gms:play-services-basement:11.8.0] AndroidManifest.xml:24:13-58
76            android:value="@integer/google_play_services_version" />
76-->[com.google.android.gms:play-services-basement:11.8.0] AndroidManifest.xml:25:13-66
77    </application>
78
79</manifest>